<?xml version="1.0" encoding="UTF-8"?>
<!-- Generated by org.testng.reporters.JUnitReportReporter -->
<testsuite skipped="0" hostname="MSI" name="com.TyssClient.TestScripts.Program2" tests="1" failures="0" timestamp="2021-11-12T12:05:09 IST" time="0.008" errors="0">
  <testcase name="program" time="0.008" classname="com.TyssClient.TestScripts.Program2"/>
  <system-out/>
</testsuite> <!-- com.TyssClient.TestScripts.Program2 -->
