<?xml version="1.0" encoding="UTF-8"?>
<!-- Generated by org.testng.reporters.JUnitReportReporter -->
<testsuite skipped="0" hostname="MSI" name="com.TyssClient.TestScripts.xyz" tests="1" failures="0" timestamp="2021-11-12T17:08:57 IST" time="0.007" errors="0">
  <testcase name="smomething" time="0.007" classname="com.TyssClient.TestScripts.xyz"/>
  <system-out/>
</testsuite> <!-- com.TyssClient.TestScripts.xyz -->
