<?xml version="1.0" encoding="UTF-8"?>
<!-- Generated by org.testng.reporters.JUnitReportReporter -->
<testsuite skipped="0" hostname="MSI" name="com.TyssClient.TestScripts.program1" tests="1" failures="0" timestamp="2021-11-12T08:43:59 IST" time="0.006" errors="0">
  <testcase name="programN1" time="0.006" classname="com.TyssClient.TestScripts.program1"/>
  <system-out/>
</testsuite> <!-- com.TyssClient.TestScripts.program1 -->
